Info: Starting: Create block symbol file (.bsf)
Info: qsys-generate E:\HK222\VXL\Final_Project\system\unsaved.qsys --block-symbol-file --output-directory=E:\HK222\VXL\Final_Project\system\unsaved --family="Cyclone V" --part=5CSXFC6D6F31C6
Progress: Loading system/unsaved.qsys
Progress: Reading input file
Progress: Adding clk_0 [clock_source 18.1]
Progress: Parameterizing module clk_0
Progress: Adding jtag_uart_0 [altera_avalon_jtag_uart 18.1]
Progress: Parameterizing module jtag_uart_0
Progress: Adding nios2_gen2_0 [altera_nios2_gen2 18.1]
Progress: Parameterizing module nios2_gen2_0
Progress: Adding onchip_memory2_0 [altera_avalon_onchip_memory2 18.1]
Progress: Parameterizing module onchip_memory2_0
Progress: Adding trigonometric_0 [trigonometric 1.0]
Progress: Parameterizing module trigonometric_0
Progress: Building connections
Progress: Parameterizing connections
Progress: Validating
Progress: Done reading input file
Info: unsaved.jtag_uart_0: JTAG UART IP input clock need to be at least double (2x) the operating frequency of JTAG TCK on board
Info: qsys-generate succeeded.
Info: Finished: Create block symbol file (.bsf)
Info: 
Info: Starting: Create HDL design files for synthesis
Info: qsys-generate E:\HK222\VXL\Final_Project\system\unsaved.qsys --synthesis=VERILOG --output-directory=E:\HK222\VXL\Final_Project\system\unsaved\synthesis --family="Cyclone V" --part=5CSXFC6D6F31C6
Progress: Loading system/unsaved.qsys
Progress: Reading input file
Progress: Adding clk_0 [clock_source 18.1]
Progress: Parameterizing module clk_0
Progress: Adding jtag_uart_0 [altera_avalon_jtag_uart 18.1]
Progress: Parameterizing module jtag_uart_0
Progress: Adding nios2_gen2_0 [altera_nios2_gen2 18.1]
Progress: Parameterizing module nios2_gen2_0
Progress: Adding onchip_memory2_0 [altera_avalon_onchip_memory2 18.1]
Progress: Parameterizing module onchip_memory2_0
Progress: Adding trigonometric_0 [trigonometric 1.0]
Progress: Parameterizing module trigonometric_0
Progress: Building connections
Progress: Parameterizing connections
Progress: Validating
Progress: Done reading input file
Info: unsaved.jtag_uart_0: JTAG UART IP input clock need to be at least double (2x) the operating frequency of JTAG TCK on board
Info: unsaved: Generating unsaved "unsaved" for QUARTUS_SYNTH
Info: jtag_uart_0: Starting RTL generation for module 'unsaved_jtag_uart_0'
Info: jtag_uart_0:   Generation command is [exec E:/intelfpga_lite/18.1/quartus/bin64/perl/bin/perl.exe -I E:/intelfpga_lite/18.1/quartus/bin64/perl/lib -I E:/intelfpga_lite/18.1/quartus/sopc_builder/bin/europa -I E:/intelfpga_lite/18.1/quartus/sopc_builder/bin/perl_lib -I E:/intelfpga_lite/18.1/quartus/sopc_builder/bin -I E:/intelfpga_lite/18.1/quartus/../ip/altera/sopc_builder_ip/common -I E:/intelfpga_lite/18.1/quartus/../ip/altera/sopc_builder_ip/altera_avalon_jtag_uart -- E:/intelfpga_lite/18.1/quartus/../ip/altera/sopc_builder_ip/altera_avalon_jtag_uart/generate_rtl.pl --name=unsaved_jtag_uart_0 --dir=C:/Users/Admin/AppData/Local/Temp/alt9488_7856813392979968884.dir/0027_jtag_uart_0_gen/ --quartus_dir=E:/intelfpga_lite/18.1/quartus --verilog --config=C:/Users/Admin/AppData/Local/Temp/alt9488_7856813392979968884.dir/0027_jtag_uart_0_gen//unsaved_jtag_uart_0_component_configuration.pl  --do_build_sim=0  ]
Info: jtag_uart_0: Done RTL generation for module 'unsaved_jtag_uart_0'
Info: jtag_uart_0: "unsaved" instantiated altera_avalon_jtag_uart "jtag_uart_0"
Info: nios2_gen2_0: "unsaved" instantiated altera_nios2_gen2 "nios2_gen2_0"
Info: onchip_memory2_0: Starting RTL generation for module 'unsaved_onchip_memory2_0'
Info: onchip_memory2_0:   Generation command is [exec E:/intelfpga_lite/18.1/quartus/bin64/perl/bin/perl.exe -I E:/intelfpga_lite/18.1/quartus/bin64/perl/lib -I E:/intelfpga_lite/18.1/quartus/sopc_builder/bin/europa -I E:/intelfpga_lite/18.1/quartus/sopc_builder/bin/perl_lib -I E:/intelfpga_lite/18.1/quartus/sopc_builder/bin -I E:/intelfpga_lite/18.1/quartus/../ip/altera/sopc_builder_ip/common -I E:/intelfpga_lite/18.1/quartus/../ip/altera/sopc_builder_ip/altera_avalon_onchip_memory2 -- E:/intelfpga_lite/18.1/quartus/../ip/altera/sopc_builder_ip/altera_avalon_onchip_memory2/generate_rtl.pl --name=unsaved_onchip_memory2_0 --dir=C:/Users/Admin/AppData/Local/Temp/alt9488_7856813392979968884.dir/0028_onchip_memory2_0_gen/ --quartus_dir=E:/intelfpga_lite/18.1/quartus --verilog --config=C:/Users/Admin/AppData/Local/Temp/alt9488_7856813392979968884.dir/0028_onchip_memory2_0_gen//unsaved_onchip_memory2_0_component_configuration.pl  --do_build_sim=0  ]
Info: onchip_memory2_0: Done RTL generation for module 'unsaved_onchip_memory2_0'
Info: onchip_memory2_0: "unsaved" instantiated altera_avalon_onchip_memory2 "onchip_memory2_0"
Info: trigonometric_0: "unsaved" instantiated trigonometric "trigonometric_0"
Info: avalon_st_adapter: Inserting error_adapter: error_adapter_0
Info: avalon_st_adapter_001: Inserting error_adapter: error_adapter_0
Info: avalon_st_adapter_002: Inserting error_adapter: error_adapter_0
Info: avalon_st_adapter_003: Inserting error_adapter: error_adapter_0
Info: mm_interconnect_0: "unsaved" instantiated altera_mm_interconnect "mm_interconnect_0"
Info: irq_mapper: "unsaved" instantiated altera_irq_mapper "irq_mapper"
Info: rst_controller: "unsaved" instantiated altera_reset_controller "rst_controller"
Info: cpu: Starting RTL generation for module 'unsaved_nios2_gen2_0_cpu'
Info: cpu:   Generation command is [exec E:/intelFPGA_lite/18.1/quartus/bin64//eperlcmd.exe -I E:/intelFPGA_lite/18.1/quartus/bin64//perl/lib -I E:/intelfpga_lite/18.1/quartus/sopc_builder/bin/europa -I E:/intelfpga_lite/18.1/quartus/sopc_builder/bin/perl_lib -I E:/intelfpga_lite/18.1/quartus/sopc_builder/bin -I E:/intelfpga_lite/18.1/quartus/../ip/altera/nios2_ip/altera_nios2_gen2/cpu_lib -I E:/intelfpga_lite/18.1/quartus/../ip/altera/nios2_ip/altera_nios2_gen2/nios_lib -I E:/intelfpga_lite/18.1/quartus/../ip/altera/nios2_ip/altera_nios2_gen2 -I E:/intelfpga_lite/18.1/quartus/../ip/altera/nios2_ip/altera_nios2_gen2 -- E:/intelfpga_lite/18.1/quartus/../ip/altera/nios2_ip/altera_nios2_gen2/generate_rtl.epl --name=unsaved_nios2_gen2_0_cpu --dir=C:/Users/Admin/AppData/Local/Temp/alt9488_7856813392979968884.dir/0032_cpu_gen/ --quartus_bindir=E:/intelFPGA_lite/18.1/quartus/bin64/ --verilog --config=C:/Users/Admin/AppData/Local/Temp/alt9488_7856813392979968884.dir/0032_cpu_gen//unsaved_nios2_gen2_0_cpu_processor_configuration.pl  --do_build_sim=0  ]
Info: cpu: # 2023.05.11 14:50:52 (*) Starting Nios II generation
Info: cpu: # 2023.05.11 14:50:52 (*)   Checking for plaintext license.
Info: cpu: # 2023.05.11 14:50:52 (*)   Couldn't query license setup in Quartus directory E:/intelFPGA_lite/18.1/quartus/bin64/
Info: cpu: # 2023.05.11 14:50:52 (*)   Defaulting to contents of LM_LICENSE_FILE environment variable
Info: cpu: # 2023.05.11 14:50:52 (*)   LM_LICENSE_FILE environment variable is empty
Info: cpu: # 2023.05.11 14:50:52 (*)   Plaintext license not found.
Info: cpu: # 2023.05.11 14:50:52 (*)   No license required to generate encrypted Nios II/e.
Info: cpu: # 2023.05.11 14:50:52 (*)   Elaborating CPU configuration settings
Info: cpu: # 2023.05.11 14:50:52 (*)   Creating all objects for CPU
Info: cpu: # 2023.05.11 14:50:53 (*)   Generating RTL from CPU objects
Info: cpu: # 2023.05.11 14:50:53 (*)   Creating plain-text RTL
Info: cpu: # 2023.05.11 14:50:54 (*) Done Nios II generation
Info: cpu: Done RTL generation for module 'unsaved_nios2_gen2_0_cpu'
Info: cpu: "nios2_gen2_0" instantiated altera_nios2_gen2_unit "cpu"
Info: nios2_gen2_0_data_master_translator: "mm_interconnect_0" instantiated altera_merlin_master_translator "nios2_gen2_0_data_master_translator"
Info: jtag_uart_0_avalon_jtag_slave_translator: "mm_interconnect_0" instantiated altera_merlin_slave_translator "jtag_uart_0_avalon_jtag_slave_translator"
Info: nios2_gen2_0_data_master_agent: "mm_interconnect_0" instantiated altera_merlin_master_agent "nios2_gen2_0_data_master_agent"
Info: jtag_uart_0_avalon_jtag_slave_agent: "mm_interconnect_0" instantiated altera_merlin_slave_agent "jtag_uart_0_avalon_jtag_slave_agent"
Info: jtag_uart_0_avalon_jtag_slave_agent_rsp_fifo: "mm_interconnect_0" instantiated altera_avalon_sc_fifo "jtag_uart_0_avalon_jtag_slave_agent_rsp_fifo"
Info: router: "mm_interconnect_0" instantiated altera_merlin_router "router"
Info: router_001: "mm_interconnect_0" instantiated altera_merlin_router "router_001"
Info: router_002: "mm_interconnect_0" instantiated altera_merlin_router "router_002"
Info: router_004: "mm_interconnect_0" instantiated altera_merlin_router "router_004"
Info: cmd_demux: "mm_interconnect_0" instantiated altera_merlin_demultiplexer "cmd_demux"
Info: cmd_demux_001: "mm_interconnect_0" instantiated altera_merlin_demultiplexer "cmd_demux_001"
Info: cmd_mux: "mm_interconnect_0" instantiated altera_merlin_multiplexer "cmd_mux"
Info: cmd_mux_002: "mm_interconnect_0" instantiated altera_merlin_multiplexer "cmd_mux_002"
Info: Reusing file E:/HK222/VXL/Final_Project/system/unsaved/synthesis/submodules/altera_merlin_arbitrator.sv
Info: rsp_demux: "mm_interconnect_0" instantiated altera_merlin_demultiplexer "rsp_demux"
Info: rsp_mux: "mm_interconnect_0" instantiated altera_merlin_multiplexer "rsp_mux"
Info: Reusing file E:/HK222/VXL/Final_Project/system/unsaved/synthesis/submodules/altera_merlin_arbitrator.sv
Info: rsp_mux_001: "mm_interconnect_0" instantiated altera_merlin_multiplexer "rsp_mux_001"
Info: Reusing file E:/HK222/VXL/Final_Project/system/unsaved/synthesis/submodules/altera_merlin_arbitrator.sv
Info: avalon_st_adapter: "mm_interconnect_0" instantiated altera_avalon_st_adapter "avalon_st_adapter"
Info: error_adapter_0: "avalon_st_adapter" instantiated error_adapter "error_adapter_0"
Info: unsaved: Done "unsaved" with 27 modules, 43 files
Info: qsys-generate succeeded.
Info: Finished: Create HDL design files for synthesis
