Flow report for Final_Project
Sat May 13 23:54:19 2023
Quartus Prime Version 18.1.0 Build 625 09/12/2018 SJ Lite Edition


---------------------
; Table of Contents ;
---------------------
  1. Legal Notice
  2. Flow Summary
  3. Flow Settings
  4. Flow Non-Default Global Settings
  5. Flow Elapsed Time
  6. Flow OS Summary
  7. Flow Log
  8. Flow Messages
  9. Flow Suppressed Messages



----------------
; Legal Notice ;
----------------
Copyright (C) 2018  Intel Corporation. All rights reserved.
Your use of Intel Corporation's design tools, logic functions 
and other software and tools, and its AMPP partner logic 
functions, and any output files from any of the foregoing 
(including device programming or simulation files), and any 
associated documentation or information are expressly subject 
to the terms and conditions of the Intel Program License 
Subscription Agreement, the Intel Quartus Prime License Agreement,
the Intel FPGA IP License Agreement, or other applicable license
agreement, including, without limitation, that your use is for
the sole purpose of programming logic devices manufactured by
Intel and sold by Intel or its authorized distributors.  Please
refer to the applicable agreement for further details.



+-------------------------------------------------------------------------------+
; Flow Summary                                                                  ;
+---------------------------------+---------------------------------------------+
; Flow Status                     ; Successful - Sat May 13 23:54:19 2023       ;
; Quartus Prime Version           ; 18.1.0 Build 625 09/12/2018 SJ Lite Edition ;
; Revision Name                   ; Final_Project                               ;
; Top-level Entity Name           ; lab2nios                                    ;
; Family                          ; Cyclone V                                   ;
; Device                          ; 5CSXFC6D6F31C6                              ;
; Timing Models                   ; Final                                       ;
; Logic utilization (in ALMs)     ; 1,399 / 41,910 ( 3 % )                      ;
; Total registers                 ; 1103                                        ;
; Total pins                      ; 70 / 499 ( 14 % )                           ;
; Total virtual pins              ; 0                                           ;
; Total block memory bits         ; 3,288,064 / 5,662,720 ( 58 % )              ;
; Total DSP Blocks                ; 0 / 112 ( 0 % )                             ;
; Total HSSI RX PCSs              ; 0 / 9 ( 0 % )                               ;
; Total HSSI PMA RX Deserializers ; 0 / 9 ( 0 % )                               ;
; Total HSSI TX PCSs              ; 0 / 9 ( 0 % )                               ;
; Total HSSI PMA TX Serializers   ; 0 / 9 ( 0 % )                               ;
; Total PLLs                      ; 0 / 15 ( 0 % )                              ;
; Total DLLs                      ; 0 / 4 ( 0 % )                               ;
+---------------------------------+---------------------------------------------+


+-----------------------------------------+
; Flow Settings                           ;
+-------------------+---------------------+
; Option            ; Setting             ;
+-------------------+---------------------+
; Start date & time ; 05/13/2023 23:51:54 ;
; Main task         ; Compilation         ;
; Revision Name     ; Final_Project       ;
+-------------------+---------------------+


+------------------------------------------------------------------------------------------------------------------------------------------------+
; Flow Non-Default Global Settings                                                                                                               ;
+-------------------------------------+-----------------------------------------------------------+---------------+-------------+----------------+
; Assignment Name                     ; Value                                                     ; Default Value ; Entity Name ; Section Id     ;
+-------------------------------------+-----------------------------------------------------------+---------------+-------------+----------------+
; COMPILER_SIGNATURE_ID               ; 1097874005703.168399671415372                             ; --            ; --          ; --             ;
; EDA_OUTPUT_DATA_FORMAT              ; Verilog Hdl                                               ; --            ; --          ; eda_simulation ;
; EDA_SIMULATION_TOOL                 ; ModelSim-Altera (Verilog)                                 ; <None>        ; --          ; --             ;
; EDA_TIME_SCALE                      ; 1 ps                                                      ; --            ; --          ; eda_simulation ;
; MAX_CORE_JUNCTION_TEMP              ; 85                                                        ; --            ; --          ; --             ;
; MIN_CORE_JUNCTION_TEMP              ; 0                                                         ; --            ; --          ; --             ;
; MISC_FILE                           ; unsaved/synthesis/../unsaved.cmp                          ; --            ; --          ; --             ;
; MISC_FILE                           ; unsaved/synthesis/../../unsaved.qsys                      ; --            ; --          ; --             ;
; PARTITION_COLOR                     ; -- (Not supported for targeted family)                    ; --            ; lab2nios    ; Top            ;
; PARTITION_FITTER_PRESERVATION_LEVEL ; -- (Not supported for targeted family)                    ; --            ; lab2nios    ; Top            ;
; PARTITION_NETLIST_TYPE              ; -- (Not supported for targeted family)                    ; --            ; lab2nios    ; Top            ;
; POWER_BOARD_THERMAL_MODEL           ; None (CONSERVATIVE)                                       ; --            ; --          ; --             ;
; POWER_PRESET_COOLING_SOLUTION       ; 23 MM HEAT SINK WITH 200 LFPM AIRFLOW                     ; --            ; --          ; --             ;
; PROJECT_OUTPUT_DIRECTORY            ; output_files                                              ; --            ; --          ; --             ;
; SLD_FILE                            ; unsaved/synthesis/unsaved.regmap                          ; --            ; --          ; --             ;
; SLD_FILE                            ; unsaved/synthesis/unsaved.debuginfo                       ; --            ; --          ; --             ;
; SLD_INFO                            ; QSYS_NAME unsaved HAS_SOPCINFO 1 GENERATION_ID 1683791441 ; --            ; unsaved     ; --             ;
; SOPCINFO_FILE                       ; unsaved/synthesis/../../unsaved.sopcinfo                  ; --            ; --          ; --             ;
; SYNTHESIS_ONLY_QIP                  ; On                                                        ; --            ; --          ; --             ;
; TOP_LEVEL_ENTITY                    ; lab2nios                                                  ; Final_Project ; --          ; --             ;
+-------------------------------------+-----------------------------------------------------------+---------------+-------------+----------------+


+--------------------------------------------------------------------------------------------------------------------------+
; Flow Elapsed Time                                                                                                        ;
+----------------------+--------------+-------------------------+---------------------+------------------------------------+
; Module Name          ; Elapsed Time ; Average Processors Used ; Peak Virtual Memory ; Total CPU Time (on all processors) ;
+----------------------+--------------+-------------------------+---------------------+------------------------------------+
; Analysis & Synthesis ; 00:00:30     ; 1.0                     ; 4980 MB             ; 00:00:53                           ;
; Fitter               ; 00:01:22     ; 1.2                     ; 6757 MB             ; 00:03:00                           ;
; Assembler            ; 00:00:10     ; 1.0                     ; 4902 MB             ; 00:00:10                           ;
; Timing Analyzer      ; 00:00:13     ; 2.2                     ; 5262 MB             ; 00:00:26                           ;
; EDA Netlist Writer   ; 00:00:03     ; 1.0                     ; 4832 MB             ; 00:00:03                           ;
; Total                ; 00:02:18     ; --                      ; --                  ; 00:04:32                           ;
+----------------------+--------------+-------------------------+---------------------+------------------------------------+


+------------------------------------------------------------------------------------+
; Flow OS Summary                                                                    ;
+----------------------+------------------+------------+------------+----------------+
; Module Name          ; Machine Hostname ; OS Name    ; OS Version ; Processor type ;
+----------------------+------------------+------------+------------+----------------+
; Analysis & Synthesis ; BillCipher       ; Windows 10 ; 10.0       ; x86_64         ;
; Fitter               ; BillCipher       ; Windows 10 ; 10.0       ; x86_64         ;
; Assembler            ; BillCipher       ; Windows 10 ; 10.0       ; x86_64         ;
; Timing Analyzer      ; BillCipher       ; Windows 10 ; 10.0       ; x86_64         ;
; EDA Netlist Writer   ; BillCipher       ; Windows 10 ; 10.0       ; x86_64         ;
+----------------------+------------------+------------+------------+----------------+


------------
; Flow Log ;
------------
quartus_map --read_settings_files=on --write_settings_files=off Final_Project -c Final_Project
quartus_fit --read_settings_files=off --write_settings_files=off Final_Project -c Final_Project
quartus_asm --read_settings_files=off --write_settings_files=off Final_Project -c Final_Project
quartus_sta Final_Project -c Final_Project
quartus_eda --read_settings_files=off --write_settings_files=off Final_Project -c Final_Project



